<?xml version="1.0" encoding="UTF-8"?>
<!-- Generated by org.testng.reporters.JUnitReportReporter -->
<testsuite skipped="0" hostname="DESKTOP-DOIALI7" name="com.test.NewTest" tests="3" failures="0" timestamp="18 Jul 2020 11:16:41 GMT" time="31.807" errors="0">
  <testcase name="Sign_up" time="21.748" classname="com.test.NewTest"/>
  <testcase name="register" time="0.005" classname="com.test.NewTest"/>
  <testcase name="isregistered" time="10.054" classname="com.test.NewTest"/>
</testsuite> <!-- com.test.NewTest -->
