<?xml version="1.0" encoding="UTF-8"?>
<!-- Generated by org.testng.reporters.JUnitReportReporter -->
<testsuite skipped="0" hostname="DESKTOP-DOIALI7" name="com.test.Registration" tests="1" failures="0" timestamp="19 Jul 2020 08:59:44 GMT" time="25.229" errors="0">
  <testcase name="register" time="25.229" classname="com.test.Registration"/>
</testsuite> <!-- com.test.Registration -->
