<?xml version="1.0" encoding="UTF-8"?>
<!-- Generated by org.testng.reporters.JUnitReportReporter -->
<testsuite skipped="0" hostname="DESKTOP-DOIALI7" name="com.test.AddtoCart" tests="1" failures="0" timestamp="19 Jul 2020 09:27:20 GMT" time="19.124" errors="0">
  <testcase name="addtocart" time="19.124" classname="com.test.AddtoCart"/>
</testsuite> <!-- com.test.AddtoCart -->
