<?xml version="1.0" encoding="UTF-8"?>
<!-- Generated by org.testng.reporters.JUnitReportReporter -->
<testsuite skipped="0" hostname="DESKTOP-DOIALI7" name="com.test.Search" tests="1" failures="0" timestamp="19 Jul 2020 09:04:57 GMT" time="15.023" errors="0">
  <testcase name="search" time="15.023" classname="com.test.Search"/>
</testsuite> <!-- com.test.Search -->
