<?xml version="1.0" encoding="UTF-8"?>
<!-- Generated by org.testng.reporters.JUnitReportReporter -->
<testsuite skipped="0" hostname="DESKTOP-DOIALI7" name="com.test.Login" tests="1" failures="0" timestamp="19 Jul 2020 08:55:22 GMT" time="16.568" errors="0">
  <testcase name="login" time="16.568" classname="com.test.Login"/>
</testsuite> <!-- com.test.Login -->
