<?xml version="1.0" encoding="UTF-8"?>
<!-- Generated by org.testng.reporters.JUnitReportReporter -->
<testsuite skipped="0" hostname="DESKTOP-DOIALI7" name="com.test.test" tests="1" failures="0" timestamp="18 Jul 2020 18:39:04 GMT" time="39.784" errors="0">
  <testcase name="addToCartTest" time="39.784" classname="com.test.test"/>
</testsuite> <!-- com.test.test -->
